<?xml version="1.0" encoding="UTF-8"?>
<!-- Generated by org.testng.reporters.JUnitReportReporter -->
<testsuite hostname="69d6dffd967c" failures="0" tests="1" name="testcases.InvalidCred_LoginTest" time="23.371" errors="0" timestamp="2025-08-27T07:23:51 GMT" skipped="0">
  <testcase classname="testcases.InvalidCred_LoginTest" name="Validate_Invalid_Credentials" time="23.371"/>
</testsuite> <!-- testcases.InvalidCred_LoginTest -->
