<?xml version="1.0" encoding="UTF-8"?>
<!-- Generated by org.testng.reporters.JUnitReportReporter -->
<testsuite hostname="Pramesh" failures="0" tests="1" name="testcases.SearchProductTest" time="10.085" errors="0" timestamp="2025-08-29T21:21:49 IST" skipped="0">
  <testcase classname="testcases.SearchProductTest" name="verifyproductsearchTest" time="10.085"/>
</testsuite> <!-- testcases.SearchProductTest -->
