<?xml version="1.0" encoding="UTF-8"?>
<!-- Generated by org.testng.reporters.JUnitReportReporter -->
<testsuite hostname="Pramesh" failures="0" tests="1" name="testcases.ProductCheckoutTest" time="28.745" errors="0" timestamp="2025-08-29T21:40:13 IST" skipped="0">
  <testcase classname="testcases.ProductCheckoutTest" name="checkoutTest" time="28.745"/>
</testsuite> <!-- testcases.ProductCheckoutTest -->
