<?xml version="1.0" encoding="UTF-8"?>
<!-- Generated by org.testng.reporters.JUnitReportReporter -->
<testsuite hostname="Pramesh" failures="0" tests="1" name="testcases.InvalidCred_LoginTest" time="8.028" errors="0" timestamp="2025-08-29T21:25:06 IST" skipped="0">
  <testcase classname="testcases.InvalidCred_LoginTest" name="Validate_Invalid_Credentials" time="8.028"/>
</testsuite> <!-- testcases.InvalidCred_LoginTest -->
